Build started 2017/10/30 11:16:42.
     1>Project "F:\GhostBackup\Documents\Visual Studio 2012\Projects\winpthread\winpthread\winpthread.vcxproj" on node 2 (Build target(s)).
     1>ClCompile:
         C:\Program Files (x86)\Microsoft Visual Studio 11.0\VC\bin\CL.exe /c /ZI /nologo /W3 /WX- /Od /Oy- /D WIN32 /D _DEBUG /D _CONSOLE /D _UNICODE /D UNICODE /Gm /EHsc /RTC1 /MDd /GS /fp:precise /Zc:wchar_t /Zc:forScope /Fo"Debug\\" /Fd"Debug\vc110.pdb" /Gd /TP /analyze- /errorReport:prompt PthreadTester.cpp main.cpp
         PthreadTester.cpp
     1>f:\ghostbackup\documents\visual studio 2012\projects\winpthread\winpthread\pthreadtester.cpp(36): error C2660: 'PthreadTester::Engine' : function does not take 0 arguments
         Generating Code...
         Compiling...
         main.cpp
         Generating Code...
     1>Done Building Project "F:\GhostBackup\Documents\Visual Studio 2012\Projects\winpthread\winpthread\winpthread.vcxproj" (Build target(s)) -- FAILED.

Build FAILED.

Time Elapsed 00:00:02.60
